<?xml version="1.0" encoding="UTF-8"?>
<testng-results skipped="0" failed="0" ignored="0" total="1" passed="1">
  <reporter-output>
  </reporter-output>
  <suite name="Default suite" duration-ms="17468" started-at="2022-08-05T13:34:02 IST" finished-at="2022-08-05T13:34:20 IST">
    <groups>
    </groups>
    <test name="Default test" duration-ms="17468" started-at="2022-08-05T13:34:02 IST" finished-at="2022-08-05T13:34:20 IST">
      <class name="com.vGive.testcases.CreateYourProfilePageTest">
        <test-method status="PASS" signature="loadConfig()[pri:0, instance:com.vGive.testcases.CreateYourProfilePageTest@77f99a05]" name="loadConfig" is-config="true" duration-ms="207" started-at="2022-08-05T13:34:02 IST" finished-at="2022-08-05T13:34:02 IST">
          <reporter-output>
          </reporter-output>
        </test-method> <!-- loadConfig -->
        <test-method status="PASS" signature="setup()[pri:0, instance:com.vGive.testcases.CreateYourProfilePageTest@77f99a05]" name="setup" is-config="true" duration-ms="7190" started-at="2022-08-05T13:34:02 IST" finished-at="2022-08-05T13:34:10 IST">
          <reporter-output>
          </reporter-output>
        </test-method> <!-- setup -->
        <test-method status="PASS" signature="Registernow()[pri:1, instance:com.vGive.testcases.CreateYourProfilePageTest@77f99a05]" name="Registernow" duration-ms="10239" started-at="2022-08-05T13:34:10 IST" finished-at="2022-08-05T13:34:20 IST">
          <reporter-output>
          </reporter-output>
        </test-method> <!-- Registernow -->
        <test-method status="PASS" signature="afterSuite()[pri:0, instance:com.vGive.testcases.CreateYourProfilePageTest@77f99a05]" name="afterSuite" is-config="true" duration-ms="1" started-at="2022-08-05T13:34:20 IST" finished-at="2022-08-05T13:34:20 IST">
          <reporter-output>
          </reporter-output>
        </test-method> <!-- afterSuite -->
      </class> <!-- com.vGive.testcases.CreateYourProfilePageTest -->
    </test> <!-- Default test -->
  </suite> <!-- Default suite -->
</testng-results>
